<?xml version="1.0" encoding="UTF-8"?>
<testng-results skipped="0" failed="0" ignored="0" total="1" passed="1">
  <reporter-output>
  </reporter-output>
  <suite name="Default suite" duration-ms="36" started-at="2022-06-08T14:10:01Z" finished-at="2022-06-08T14:10:01Z">
    <groups>
    </groups>
    <test name="Default test" duration-ms="36" started-at="2022-06-08T14:10:01Z" finished-at="2022-06-08T14:10:01Z">
      <class name="org.test.TesttNng">
        <test-method status="PASS" signature="beforeClass()[pri:0, instance:org.test.TesttNng@6a4f787b]" name="beforeClass" is-config="true" duration-ms="11" started-at="2022-06-08T14:10:01Z" finished-at="2022-06-08T14:10:01Z">
          <reporter-output>
          </reporter-output>
        </test-method> <!-- beforeClass -->
        <test-method status="PASS" signature="tesy()[pri:0, instance:org.test.TesttNng@6a4f787b]" name="tesy" duration-ms="5" started-at="2022-06-08T14:10:01Z" finished-at="2022-06-08T14:10:01Z">
          <reporter-output>
          </reporter-output>
        </test-method> <!-- tesy -->
      </class> <!-- org.test.TesttNng -->
    </test> <!-- Default test -->
  </suite> <!-- Default suite -->
</testng-results>
